2013-11-18 14:30:11,406 [http-bio-8080-exec-5] ERROR StackTrace  - Full Stack Trace:
com.atlassian.crowd.integration.exception.InvalidAuthorizationTokenException: Client with address "35.46.16.116" is forbidden from making requests to the application, {2}.
	at sun.reflect.NativeConstructorAccessorImpl.newInstance0(Native Method)
	at sun.reflect.NativeConstructorAccessorImpl.newInstance(NativeConstructorAccessorImpl.java:39)
	at sun.reflect.DelegatingConstructorAccessorImpl.newInstance(DelegatingConstructorAccessorImpl.java:27)
	at java.lang.reflect.Constructor.newInstance(Constructor.java:513)
	at org.springsource.loaded.ri.ReflectiveInterceptor.jlrConstructorNewInstance(ReflectiveInterceptor.java:991)
	at org.codehaus.xfire.aegis.type.basic.BeanType.createFromFault(BeanType.java:235)
	at org.codehaus.xfire.aegis.type.basic.BeanType.readObject(BeanType.java:105)
	at org.codehaus.xfire.aegis.AegisBindingProvider.readParameter(AegisBindingProvider.java:169)
	at org.codehaus.xfire.client.ClientFaultConverter.processFaultDetail(ClientFaultConverter.java:51)
	at org.codehaus.xfire.client.ClientFaultConverter.invoke(ClientFaultConverter.java:32)
	at org.codehaus.xfire.handler.HandlerPipeline.invoke(HandlerPipeline.java:131)
	at org.codehaus.xfire.client.Client.onReceive(Client.java:424)
	at org.codehaus.xfire.transport.http.HttpChannel.sendViaClient(HttpChannel.java:139)
	at org.codehaus.xfire.transport.http.HttpChannel.send(HttpChannel.java:48)
	at org.codehaus.xfire.handler.OutMessageSender.invoke(OutMessageSender.java:26)
	at org.codehaus.xfire.handler.HandlerPipeline.invoke(HandlerPipeline.java:131)
	at org.codehaus.xfire.client.Invocation.invoke(Invocation.java:79)
	at org.codehaus.xfire.client.Invocation.invoke(Invocation.java:114)
	at org.codehaus.xfire.client.Client.invoke(Client.java:336)
	at org.codehaus.xfire.client.XFireProxy.handleRequest(XFireProxy.java:77)
	at org.codehaus.xfire.client.XFireProxy.invoke(XFireProxy.java:57)
	at com.sun.proxy.$Proxy28.authenticateApplication(Unknown Source)
	at com.atlassian.crowd.integration.service.soap.client.SecurityServerClientImpl.authenticate(SecurityServerClientImpl.java:193)
	at com.atlassian.crowd.integration.service.soap.client.SecurityServerClientImpl.isValidToken(SecurityServerClientImpl.java:251)
	at com.atlassian.crowd.integration.service.cache.AuthenticationManagerImpl.isAuthenticated(AuthenticationManagerImpl.java:80)
	at com.atlassian.crowd.integration.http.HttpAuthenticatorImpl.isAuthenticated(HttpAuthenticatorImpl.java:292)
	at com.atlassian.crowd.integration.http.HttpAuthenticator$isAuthenticated.call(Unknown Source)
	at CrowdAuthSecurityFilters$_closure1_closure2_closure4.doCall(CrowdAuthSecurityFilters.groovy:112)
	at CrowdAuthSecurityFilters$_closure1_closure2_closure4.doCall(CrowdAuthSecurityFilters.groovy)
	at sun.reflect.GeneratedMethodAccessor403.invoke(Unknown Source)
	at sun.reflect.DelegatingMethodAccessorImpl.invoke(DelegatingMethodAccessorImpl.java:25)
	at java.lang.reflect.Method.invoke(Method.java:597)
	at org.springsource.loaded.ri.ReflectiveInterceptor.jlrMethodInvoke(ReflectiveInterceptor.java:1259)
	at org.codehaus.groovy.runtime.callsite.PogoMetaMethodSite$PogoCachedMethodSiteNoUnwrapNoCoerce.invoke(PogoMetaMethodSite.java:272)
	at org.codehaus.groovy.runtime.callsite.PogoMetaMethodSite.call(PogoMetaMethodSite.java:64)
	at org.codehaus.groovy.runtime.callsite.CallSiteArray.defaultCall(CallSiteArray.java:45)
	at org.codehaus.groovy.runtime.callsite.PogoMetaMethodSite.call(PogoMetaMethodSite.java:69)
	at org.codehaus.groovy.runtime.callsite.AbstractCallSite.call(AbstractCallSite.java:112)
	at org.codehaus.groovy.grails.plugins.web.filters.FilterToHandlerAdapter.preHandle(FilterToHandlerAdapter.groovy:126)
	at org.codehaus.groovy.grails.plugins.web.filters.CompositeInterceptor.preHandle(CompositeInterceptor.groovy:46)
	at org.codehaus.groovy.grails.web.servlet.GrailsDispatcherServlet.doDispatch(GrailsDispatcherServlet.java:306)
	at org.springframework.web.servlet.DispatcherServlet.doService(DispatcherServlet.java:852)
	at org.springframework.web.servlet.FrameworkServlet.processRequest(FrameworkServlet.java:882)
	at org.springframework.web.servlet.FrameworkServlet.doPost(FrameworkServlet.java:789)
	at javax.servlet.http.HttpServlet.service(HttpServlet.java:647)
	at javax.servlet.http.HttpServlet.service(HttpServlet.java:728)
	at org.apache.catalina.core.ApplicationFilterChain.internalDoFilter(ApplicationFilterChain.java:305)
	at org.apache.catalina.core.ApplicationFilterChain.doFilter(ApplicationFilterChain.java:210)
	at grails.plugin.cache.web.filter.PageFragmentCachingFilter.doFilter(PageFragmentCachingFilter.java:195)
	at grails.plugin.cache.web.filter.simple.MemoryPageFragmentCachingFilter.doFilter(MemoryPageFragmentCachingFilter.java)
	at grails.plugin.cache.web.filter.AbstractFilter.doFilter(AbstractFilter.java:63)
	at org.springframework.web.filter.DelegatingFilterProxy.invokeDelegate(DelegatingFilterProxy.java:346)
	at org.springframework.web.filter.DelegatingFilterProxy.doFilter(DelegatingFilterProxy.java:259)
	at org.apache.catalina.core.ApplicationFilterChain.internalDoFilter(ApplicationFilterChain.java:243)
	at org.apache.catalina.core.ApplicationFilterChain.doFilter(ApplicationFilterChain.java:210)
	at org.springframework.web.filter.OncePerRequestFilter.doFilter(OncePerRequestFilter.java:70)
	at org.apache.catalina.core.ApplicationFilterChain.internalDoFilter(ApplicationFilterChain.java:243)
	at org.apache.catalina.core.ApplicationFilterChain.doFilter(ApplicationFilterChain.java:210)
	at org.springframework.web.filter.OncePerRequestFilter.doFilter(OncePerRequestFilter.java:70)
	at org.apache.catalina.core.ApplicationFilterChain.internalDoFilter(ApplicationFilterChain.java:243)
	at org.apache.catalina.core.ApplicationFilterChain.doFilter(ApplicationFilterChain.java:210)
	at org.springframework.web.filter.OncePerRequestFilter.doFilter(OncePerRequestFilter.java:70)
	at org.apache.catalina.core.ApplicationFilterChain.internalDoFilter(ApplicationFilterChain.java:243)
	at org.apache.catalina.core.ApplicationFilterChain.doFilter(ApplicationFilterChain.java:210)
	at org.apache.catalina.core.ApplicationDispatcher.invoke(ApplicationDispatcher.java:749)
	at org.apache.catalina.core.ApplicationDispatcher.processRequest(ApplicationDispatcher.java:487)
	at org.apache.catalina.core.ApplicationDispatcher.doForward(ApplicationDispatcher.java:412)
	at org.apache.catalina.core.ApplicationDispatcher.forward(ApplicationDispatcher.java:339)
	at org.codehaus.groovy.grails.web.util.WebUtils.forwardRequestForUrlMappingInfo(WebUtils.java:314)
	at org.codehaus.groovy.grails.web.util.WebUtils.forwardRequestForUrlMappingInfo(WebUtils.java:279)
	at org.codehaus.groovy.grails.web.util.WebUtils.forwardRequestForUrlMappingInfo(WebUtils.java:270)
	at org.codehaus.groovy.grails.web.mapping.filter.UrlMappingsFilter.doFilterInternal(UrlMappingsFilter.java:222)
	at org.springframework.web.filter.OncePerRequestFilter.doFilter(OncePerRequestFilter.java:76)
	at org.apache.catalina.core.ApplicationFilterChain.internalDoFilter(ApplicationFilterChain.java:243)
	at org.apache.catalina.core.ApplicationFilterChain.doFilter(ApplicationFilterChain.java:210)
	at org.codehaus.groovy.grails.web.sitemesh.GrailsPageFilter.obtainContent(GrailsPageFilter.java:206)
	at org.codehaus.groovy.grails.web.sitemesh.GrailsPageFilter.doFilter(GrailsPageFilter.java:152)
	at org.apache.catalina.core.ApplicationFilterChain.internalDoFilter(ApplicationFilterChain.java:243)
	at org.apache.catalina.core.ApplicationFilterChain.doFilter(ApplicationFilterChain.java:210)
	at javax.servlet.FilterChain$doFilter.call(Unknown Source)
	at org.grails.plugin.resource.DevModeSanityFilter.doFilter(DevModeSanityFilter.groovy:44)
	at org.apache.catalina.core.ApplicationFilterChain.internalDoFilter(ApplicationFilterChain.java:243)
	at org.apache.catalina.core.ApplicationFilterChain.doFilter(ApplicationFilterChain.java:210)
	at org.codehaus.groovy.grails.web.servlet.mvc.GrailsWebRequestFilter.doFilterInternal(GrailsWebRequestFilter.java:69)
	at org.springframework.web.filter.OncePerRequestFilter.doFilter(OncePerRequestFilter.java:76)
	at org.apache.catalina.core.ApplicationFilterChain.internalDoFilter(ApplicationFilterChain.java:243)
	at org.apache.catalina.core.ApplicationFilterChain.doFilter(ApplicationFilterChain.java:210)
	at org.codehaus.groovy.grails.web.filters.HiddenHttpMethodFilter.doFilterInternal(HiddenHttpMethodFilter.java:66)
	at org.springframework.web.filter.OncePerRequestFilter.doFilter(OncePerRequestFilter.java:76)
	at org.apache.catalina.core.ApplicationFilterChain.internalDoFilter(ApplicationFilterChain.java:243)
	at org.apache.catalina.core.ApplicationFilterChain.doFilter(ApplicationFilterChain.java:210)
	at org.springframework.web.filter.CharacterEncodingFilter.doFilterInternal(CharacterEncodingFilter.java:88)
	at org.springframework.web.filter.OncePerRequestFilter.doFilter(OncePerRequestFilter.java:76)
	at org.springframework.web.filter.DelegatingFilterProxy.invokeDelegate(DelegatingFilterProxy.java:346)
	at org.springframework.web.filter.DelegatingFilterProxy.doFilter(DelegatingFilterProxy.java:259)
	at org.apache.catalina.core.ApplicationFilterChain.internalDoFilter(ApplicationFilterChain.java:243)
	at org.apache.catalina.core.ApplicationFilterChain.doFilter(ApplicationFilterChain.java:210)
	at org.apache.catalina.core.StandardWrapperValve.invoke(StandardWrapperValve.java:222)
	at org.apache.catalina.core.StandardContextValve.invoke(StandardContextValve.java:123)
	at org.apache.catalina.core.StandardHostValve.invoke(StandardHostValve.java:171)
	at org.apache.catalina.valves.ErrorReportValve.invoke(ErrorReportValve.java:99)
	at org.apache.catalina.core.StandardEngineValve.invoke(StandardEngineValve.java:118)
	at org.apache.catalina.connector.CoyoteAdapter.service(CoyoteAdapter.java:408)
	at org.apache.coyote.http11.AbstractHttp11Processor.process(AbstractHttp11Processor.java:1023)
	at org.apache.coyote.AbstractProtocol$AbstractConnectionHandler.process(AbstractProtocol.java:589)
	at org.apache.tomcat.util.net.JIoEndpoint$SocketProcessor.run(JIoEndpoint.java:310)
	at java.util.concurrent.ThreadPoolExecutor$Worker.runTask(ThreadPoolExecutor.java:895)
	at java.util.concurrent.ThreadPoolExecutor$Worker.run(ThreadPoolExecutor.java:918)
	at java.lang.Thread.run(Thread.java:680)
Caused by: org.codehaus.xfire.fault.XFireFault: Client with address "35.46.16.116" is forbidden from making requests to the application, {2}.
	at org.codehaus.xfire.fault.Soap11FaultSerializer.readMessage(Soap11FaultSerializer.java:31)
	at org.codehaus.xfire.fault.SoapFaultSerializer.readMessage(SoapFaultSerializer.java:28)
	at org.codehaus.xfire.soap.handler.ReadHeadersHandler.checkForFault(ReadHeadersHandler.java:111)
	at org.codehaus.xfire.soap.handler.ReadHeadersHandler.invoke(ReadHeadersHandler.java:67)
	at org.codehaus.xfire.handler.HandlerPipeline.invoke(HandlerPipeline.java:131)
	at org.codehaus.xfire.client.Client.onReceive(Client.java:406)
	... 97 more
2013-11-18 14:30:11,410 [http-bio-8080-exec-5] ERROR StackTrace  - Full Stack Trace:
org.codehaus.xfire.fault.XFireFault: Client with address "35.46.16.116" is forbidden from making requests to the application, {2}.
	at org.codehaus.xfire.fault.Soap11FaultSerializer.readMessage(Soap11FaultSerializer.java:31)
	at org.codehaus.xfire.fault.SoapFaultSerializer.readMessage(SoapFaultSerializer.java:28)
	at org.codehaus.xfire.soap.handler.ReadHeadersHandler.checkForFault(ReadHeadersHandler.java:111)
	at org.codehaus.xfire.soap.handler.ReadHeadersHandler.invoke(ReadHeadersHandler.java:67)
	at org.codehaus.xfire.handler.HandlerPipeline.invoke(HandlerPipeline.java:131)
	at org.codehaus.xfire.client.Client.onReceive(Client.java:406)
	at org.codehaus.xfire.transport.http.HttpChannel.sendViaClient(HttpChannel.java:139)
	at org.codehaus.xfire.transport.http.HttpChannel.send(HttpChannel.java:48)
	at org.codehaus.xfire.handler.OutMessageSender.invoke(OutMessageSender.java:26)
	at org.codehaus.xfire.handler.HandlerPipeline.invoke(HandlerPipeline.java:131)
	at org.codehaus.xfire.client.Invocation.invoke(Invocation.java:79)
	at org.codehaus.xfire.client.Invocation.invoke(Invocation.java:114)
	at org.codehaus.xfire.client.Client.invoke(Client.java:336)
	at org.codehaus.xfire.client.XFireProxy.handleRequest(XFireProxy.java:77)
	at org.codehaus.xfire.client.XFireProxy.invoke(XFireProxy.java:57)
	at com.sun.proxy.$Proxy28.authenticateApplication(Unknown Source)
	at com.atlassian.crowd.integration.service.soap.client.SecurityServerClientImpl.authenticate(SecurityServerClientImpl.java:193)
	at com.atlassian.crowd.integration.service.soap.client.SecurityServerClientImpl.isValidToken(SecurityServerClientImpl.java:251)
	at com.atlassian.crowd.integration.service.cache.AuthenticationManagerImpl.isAuthenticated(AuthenticationManagerImpl.java:80)
	at com.atlassian.crowd.integration.http.HttpAuthenticatorImpl.isAuthenticated(HttpAuthenticatorImpl.java:292)
	at com.atlassian.crowd.integration.http.HttpAuthenticator$isAuthenticated.call(Unknown Source)
	at CrowdAuthSecurityFilters$_closure1_closure2_closure4.doCall(CrowdAuthSecurityFilters.groovy:112)
	at CrowdAuthSecurityFilters$_closure1_closure2_closure4.doCall(CrowdAuthSecurityFilters.groovy)
	at sun.reflect.GeneratedMethodAccessor403.invoke(Unknown Source)
	at sun.reflect.DelegatingMethodAccessorImpl.invoke(DelegatingMethodAccessorImpl.java:25)
	at java.lang.reflect.Method.invoke(Method.java:597)
	at org.springsource.loaded.ri.ReflectiveInterceptor.jlrMethodInvoke(ReflectiveInterceptor.java:1259)
	at org.codehaus.groovy.runtime.callsite.PogoMetaMethodSite$PogoCachedMethodSiteNoUnwrapNoCoerce.invoke(PogoMetaMethodSite.java:272)
	at org.codehaus.groovy.runtime.callsite.PogoMetaMethodSite.call(PogoMetaMethodSite.java:64)
	at org.codehaus.groovy.runtime.callsite.CallSiteArray.defaultCall(CallSiteArray.java:45)
	at org.codehaus.groovy.runtime.callsite.PogoMetaMethodSite.call(PogoMetaMethodSite.java:69)
	at org.codehaus.groovy.runtime.callsite.AbstractCallSite.call(AbstractCallSite.java:112)
	at org.codehaus.groovy.grails.plugins.web.filters.FilterToHandlerAdapter.preHandle(FilterToHandlerAdapter.groovy:126)
	at org.codehaus.groovy.grails.plugins.web.filters.CompositeInterceptor.preHandle(CompositeInterceptor.groovy:46)
	at org.codehaus.groovy.grails.web.servlet.GrailsDispatcherServlet.doDispatch(GrailsDispatcherServlet.java:306)
	at org.springframework.web.servlet.DispatcherServlet.doService(DispatcherServlet.java:852)
	at org.springframework.web.servlet.FrameworkServlet.processRequest(FrameworkServlet.java:882)
	at org.springframework.web.servlet.FrameworkServlet.doPost(FrameworkServlet.java:789)
	at javax.servlet.http.HttpServlet.service(HttpServlet.java:647)
	at javax.servlet.http.HttpServlet.service(HttpServlet.java:728)
	at org.apache.catalina.core.ApplicationFilterChain.internalDoFilter(ApplicationFilterChain.java:305)
	at org.apache.catalina.core.ApplicationFilterChain.doFilter(ApplicationFilterChain.java:210)
	at grails.plugin.cache.web.filter.PageFragmentCachingFilter.doFilter(PageFragmentCachingFilter.java:195)
	at grails.plugin.cache.web.filter.simple.MemoryPageFragmentCachingFilter.doFilter(MemoryPageFragmentCachingFilter.java)
	at grails.plugin.cache.web.filter.AbstractFilter.doFilter(AbstractFilter.java:63)
	at org.springframework.web.filter.DelegatingFilterProxy.invokeDelegate(DelegatingFilterProxy.java:346)
	at org.springframework.web.filter.DelegatingFilterProxy.doFilter(DelegatingFilterProxy.java:259)
	at org.apache.catalina.core.ApplicationFilterChain.internalDoFilter(ApplicationFilterChain.java:243)
	at org.apache.catalina.core.ApplicationFilterChain.doFilter(ApplicationFilterChain.java:210)
	at org.springframework.web.filter.OncePerRequestFilter.doFilter(OncePerRequestFilter.java:70)
	at org.apache.catalina.core.ApplicationFilterChain.internalDoFilter(ApplicationFilterChain.java:243)
	at org.apache.catalina.core.ApplicationFilterChain.doFilter(ApplicationFilterChain.java:210)
	at org.springframework.web.filter.OncePerRequestFilter.doFilter(OncePerRequestFilter.java:70)
	at org.apache.catalina.core.ApplicationFilterChain.internalDoFilter(ApplicationFilterChain.java:243)
	at org.apache.catalina.core.ApplicationFilterChain.doFilter(ApplicationFilterChain.java:210)
	at org.springframework.web.filter.OncePerRequestFilter.doFilter(OncePerRequestFilter.java:70)
	at org.apache.catalina.core.ApplicationFilterChain.internalDoFilter(ApplicationFilterChain.java:243)
	at org.apache.catalina.core.ApplicationFilterChain.doFilter(ApplicationFilterChain.java:210)
	at org.apache.catalina.core.ApplicationDispatcher.invoke(ApplicationDispatcher.java:749)
	at org.apache.catalina.core.ApplicationDispatcher.processRequest(ApplicationDispatcher.java:487)
	at org.apache.catalina.core.ApplicationDispatcher.doForward(ApplicationDispatcher.java:412)
	at org.apache.catalina.core.ApplicationDispatcher.forward(ApplicationDispatcher.java:339)
	at org.codehaus.groovy.grails.web.util.WebUtils.forwardRequestForUrlMappingInfo(WebUtils.java:314)
	at org.codehaus.groovy.grails.web.util.WebUtils.forwardRequestForUrlMappingInfo(WebUtils.java:279)
	at org.codehaus.groovy.grails.web.util.WebUtils.forwardRequestForUrlMappingInfo(WebUtils.java:270)
	at org.codehaus.groovy.grails.web.mapping.filter.UrlMappingsFilter.doFilterInternal(UrlMappingsFilter.java:222)
	at org.springframework.web.filter.OncePerRequestFilter.doFilter(OncePerRequestFilter.java:76)
	at org.apache.catalina.core.ApplicationFilterChain.internalDoFilter(ApplicationFilterChain.java:243)
	at org.apache.catalina.core.ApplicationFilterChain.doFilter(ApplicationFilterChain.java:210)
	at org.codehaus.groovy.grails.web.sitemesh.GrailsPageFilter.obtainContent(GrailsPageFilter.java:206)
	at org.codehaus.groovy.grails.web.sitemesh.GrailsPageFilter.doFilter(GrailsPageFilter.java:152)
	at org.apache.catalina.core.ApplicationFilterChain.internalDoFilter(ApplicationFilterChain.java:243)
	at org.apache.catalina.core.ApplicationFilterChain.doFilter(ApplicationFilterChain.java:210)
	at javax.servlet.FilterChain$doFilter.call(Unknown Source)
	at org.grails.plugin.resource.DevModeSanityFilter.doFilter(DevModeSanityFilter.groovy:44)
	at org.apache.catalina.core.ApplicationFilterChain.internalDoFilter(ApplicationFilterChain.java:243)
	at org.apache.catalina.core.ApplicationFilterChain.doFilter(ApplicationFilterChain.java:210)
	at org.codehaus.groovy.grails.web.servlet.mvc.GrailsWebRequestFilter.doFilterInternal(GrailsWebRequestFilter.java:69)
	at org.springframework.web.filter.OncePerRequestFilter.doFilter(OncePerRequestFilter.java:76)
	at org.apache.catalina.core.ApplicationFilterChain.internalDoFilter(ApplicationFilterChain.java:243)
	at org.apache.catalina.core.ApplicationFilterChain.doFilter(ApplicationFilterChain.java:210)
	at org.codehaus.groovy.grails.web.filters.HiddenHttpMethodFilter.doFilterInternal(HiddenHttpMethodFilter.java:66)
	at org.springframework.web.filter.OncePerRequestFilter.doFilter(OncePerRequestFilter.java:76)
	at org.apache.catalina.core.ApplicationFilterChain.internalDoFilter(ApplicationFilterChain.java:243)
	at org.apache.catalina.core.ApplicationFilterChain.doFilter(ApplicationFilterChain.java:210)
	at org.springframework.web.filter.CharacterEncodingFilter.doFilterInternal(CharacterEncodingFilter.java:88)
	at org.springframework.web.filter.OncePerRequestFilter.doFilter(OncePerRequestFilter.java:76)
	at org.springframework.web.filter.DelegatingFilterProxy.invokeDelegate(DelegatingFilterProxy.java:346)
	at org.springframework.web.filter.DelegatingFilterProxy.doFilter(DelegatingFilterProxy.java:259)
	at org.apache.catalina.core.ApplicationFilterChain.internalDoFilter(ApplicationFilterChain.java:243)
	at org.apache.catalina.core.ApplicationFilterChain.doFilter(ApplicationFilterChain.java:210)
	at org.apache.catalina.core.StandardWrapperValve.invoke(StandardWrapperValve.java:222)
	at org.apache.catalina.core.StandardContextValve.invoke(StandardContextValve.java:123)
	at org.apache.catalina.core.StandardHostValve.invoke(StandardHostValve.java:171)
	at org.apache.catalina.valves.ErrorReportValve.invoke(ErrorReportValve.java:99)
	at org.apache.catalina.core.StandardEngineValve.invoke(StandardEngineValve.java:118)
	at org.apache.catalina.connector.CoyoteAdapter.service(CoyoteAdapter.java:408)
	at org.apache.coyote.http11.AbstractHttp11Processor.process(AbstractHttp11Processor.java:1023)
	at org.apache.coyote.AbstractProtocol$AbstractConnectionHandler.process(AbstractProtocol.java:589)
	at org.apache.tomcat.util.net.JIoEndpoint$SocketProcessor.run(JIoEndpoint.java:310)
	at java.util.concurrent.ThreadPoolExecutor$Worker.runTask(ThreadPoolExecutor.java:895)
	at java.util.concurrent.ThreadPoolExecutor$Worker.run(ThreadPoolExecutor.java:918)
	at java.lang.Thread.run(Thread.java:680)
2013-11-18 14:30:11,411 [http-bio-8080-exec-5] ERROR StackTrace  - Full Stack Trace:
com.atlassian.crowd.integration.exception.InvalidAuthorizationTokenException: Client with address "35.46.16.116" is forbidden from making requests to the application, {2}.
	at org.codehaus.xfire.aegis.type.basic.BeanType.createFromFault(BeanType.java:235)
	at org.codehaus.xfire.aegis.type.basic.BeanType.readObject(BeanType.java:105)
	at org.codehaus.xfire.aegis.AegisBindingProvider.readParameter(AegisBindingProvider.java:169)
	at org.codehaus.xfire.client.ClientFaultConverter.processFaultDetail(ClientFaultConverter.java:51)
	at org.codehaus.xfire.client.ClientFaultConverter.invoke(ClientFaultConverter.java:32)
	at org.codehaus.xfire.handler.HandlerPipeline.invoke(HandlerPipeline.java:131)
	at org.codehaus.xfire.client.Client.onReceive(Client.java:424)
	at org.codehaus.xfire.transport.http.HttpChannel.sendViaClient(HttpChannel.java:139)
	at org.codehaus.xfire.transport.http.HttpChannel.send(HttpChannel.java:48)
	at org.codehaus.xfire.handler.OutMessageSender.invoke(OutMessageSender.java:26)
	at org.codehaus.xfire.handler.HandlerPipeline.invoke(HandlerPipeline.java:131)
	at org.codehaus.xfire.client.Invocation.invoke(Invocation.java:79)
	at org.codehaus.xfire.client.Invocation.invoke(Invocation.java:114)
	at org.codehaus.xfire.client.Client.invoke(Client.java:336)
	at org.codehaus.xfire.client.XFireProxy.handleRequest(XFireProxy.java:77)
	at org.codehaus.xfire.client.XFireProxy.invoke(XFireProxy.java:57)
	at com.atlassian.crowd.integration.service.soap.client.SecurityServerClientImpl.authenticate(SecurityServerClientImpl.java:193)
	at com.atlassian.crowd.integration.service.soap.client.SecurityServerClientImpl.isValidToken(SecurityServerClientImpl.java:251)
	at com.atlassian.crowd.integration.service.cache.AuthenticationManagerImpl.isAuthenticated(AuthenticationManagerImpl.java:80)
	at com.atlassian.crowd.integration.http.HttpAuthenticatorImpl.isAuthenticated(HttpAuthenticatorImpl.java:292)
	at CrowdAuthSecurityFilters$_closure1_closure2_closure4.doCall(CrowdAuthSecurityFilters.groovy:112)
	at grails.plugin.cache.web.filter.PageFragmentCachingFilter.doFilter(PageFragmentCachingFilter.java:195)
	at grails.plugin.cache.web.filter.AbstractFilter.doFilter(AbstractFilter.java:63)
	at java.util.concurrent.ThreadPoolExecutor$Worker.runTask(ThreadPoolExecutor.java:895)
	at java.util.concurrent.ThreadPoolExecutor$Worker.run(ThreadPoolExecutor.java:918)
	at java.lang.Thread.run(Thread.java:680)
Caused by: org.codehaus.xfire.fault.XFireFault: Client with address "35.46.16.116" is forbidden from making requests to the application, {2}.
	at org.codehaus.xfire.fault.Soap11FaultSerializer.readMessage(Soap11FaultSerializer.java:31)
	at org.codehaus.xfire.fault.SoapFaultSerializer.readMessage(SoapFaultSerializer.java:28)
	at org.codehaus.xfire.soap.handler.ReadHeadersHandler.checkForFault(ReadHeadersHandler.java:111)
	at org.codehaus.xfire.soap.handler.ReadHeadersHandler.invoke(ReadHeadersHandler.java:67)
	at org.codehaus.xfire.handler.HandlerPipeline.invoke(HandlerPipeline.java:131)
	at org.codehaus.xfire.client.Client.onReceive(Client.java:406)
	... 19 more
2013-11-18 14:30:11,422 [http-bio-8080-exec-5] ERROR StackTrace  - Full Stack Trace:
com.atlassian.crowd.integration.exception.InvalidAuthorizationTokenException: Client with address "35.46.16.116" is forbidden from making requests to the application, {2}.
	at org.codehaus.xfire.aegis.type.basic.BeanType.createFromFault(BeanType.java:235)
	at org.codehaus.xfire.aegis.type.basic.BeanType.readObject(BeanType.java:105)
	at org.codehaus.xfire.aegis.AegisBindingProvider.readParameter(AegisBindingProvider.java:169)
	at org.codehaus.xfire.client.ClientFaultConverter.processFaultDetail(ClientFaultConverter.java:51)
	at org.codehaus.xfire.client.ClientFaultConverter.invoke(ClientFaultConverter.java:32)
	at org.codehaus.xfire.handler.HandlerPipeline.invoke(HandlerPipeline.java:131)
	at org.codehaus.xfire.client.Client.onReceive(Client.java:424)
	at org.codehaus.xfire.transport.http.HttpChannel.sendViaClient(HttpChannel.java:139)
	at org.codehaus.xfire.transport.http.HttpChannel.send(HttpChannel.java:48)
	at org.codehaus.xfire.handler.OutMessageSender.invoke(OutMessageSender.java:26)
	at org.codehaus.xfire.handler.HandlerPipeline.invoke(HandlerPipeline.java:131)
	at org.codehaus.xfire.client.Invocation.invoke(Invocation.java:79)
	at org.codehaus.xfire.client.Invocation.invoke(Invocation.java:114)
	at org.codehaus.xfire.client.Client.invoke(Client.java:336)
	at org.codehaus.xfire.client.XFireProxy.handleRequest(XFireProxy.java:77)
	at org.codehaus.xfire.client.XFireProxy.invoke(XFireProxy.java:57)
	at com.atlassian.crowd.integration.service.soap.client.SecurityServerClientImpl.authenticate(SecurityServerClientImpl.java:193)
	at com.atlassian.crowd.integration.service.soap.client.SecurityServerClientImpl.isValidToken(SecurityServerClientImpl.java:251)
	at com.atlassian.crowd.integration.service.cache.AuthenticationManagerImpl.isAuthenticated(AuthenticationManagerImpl.java:80)
	at com.atlassian.crowd.integration.http.HttpAuthenticatorImpl.isAuthenticated(HttpAuthenticatorImpl.java:292)
	at CrowdAuthSecurityFilters$_closure1_closure2_closure4.doCall(CrowdAuthSecurityFilters.groovy:112)
	at grails.plugin.cache.web.filter.PageFragmentCachingFilter.doFilter(PageFragmentCachingFilter.java:195)
	at grails.plugin.cache.web.filter.AbstractFilter.doFilter(AbstractFilter.java:63)
	at java.util.concurrent.ThreadPoolExecutor$Worker.runTask(ThreadPoolExecutor.java:895)
	at java.util.concurrent.ThreadPoolExecutor$Worker.run(ThreadPoolExecutor.java:918)
	at java.lang.Thread.run(Thread.java:680)
Caused by: org.codehaus.xfire.fault.XFireFault: Client with address "35.46.16.116" is forbidden from making requests to the application, {2}.
	at org.codehaus.xfire.fault.Soap11FaultSerializer.readMessage(Soap11FaultSerializer.java:31)
	at org.codehaus.xfire.fault.SoapFaultSerializer.readMessage(SoapFaultSerializer.java:28)
	at org.codehaus.xfire.soap.handler.ReadHeadersHandler.checkForFault(ReadHeadersHandler.java:111)
	at org.codehaus.xfire.soap.handler.ReadHeadersHandler.invoke(ReadHeadersHandler.java:67)
	at org.codehaus.xfire.handler.HandlerPipeline.invoke(HandlerPipeline.java:131)
	at org.codehaus.xfire.client.Client.onReceive(Client.java:406)
	... 19 more
2013-11-18 14:30:11,422 [http-bio-8080-exec-5] ERROR StackTrace  - Full Stack Trace:
org.codehaus.xfire.fault.XFireFault: Client with address "35.46.16.116" is forbidden from making requests to the application, {2}.
	at org.codehaus.xfire.fault.Soap11FaultSerializer.readMessage(Soap11FaultSerializer.java:31)
	at org.codehaus.xfire.fault.SoapFaultSerializer.readMessage(SoapFaultSerializer.java:28)
	at org.codehaus.xfire.soap.handler.ReadHeadersHandler.checkForFault(ReadHeadersHandler.java:111)
	at org.codehaus.xfire.soap.handler.ReadHeadersHandler.invoke(ReadHeadersHandler.java:67)
	at org.codehaus.xfire.handler.HandlerPipeline.invoke(HandlerPipeline.java:131)
	at org.codehaus.xfire.client.Client.onReceive(Client.java:406)
	at org.codehaus.xfire.transport.http.HttpChannel.sendViaClient(HttpChannel.java:139)
	at org.codehaus.xfire.transport.http.HttpChannel.send(HttpChannel.java:48)
	at org.codehaus.xfire.handler.OutMessageSender.invoke(OutMessageSender.java:26)
	at org.codehaus.xfire.handler.HandlerPipeline.invoke(HandlerPipeline.java:131)
	at org.codehaus.xfire.client.Invocation.invoke(Invocation.java:79)
	at org.codehaus.xfire.client.Invocation.invoke(Invocation.java:114)
	at org.codehaus.xfire.client.Client.invoke(Client.java:336)
	at org.codehaus.xfire.client.XFireProxy.handleRequest(XFireProxy.java:77)
	at org.codehaus.xfire.client.XFireProxy.invoke(XFireProxy.java:57)
	at com.atlassian.crowd.integration.service.soap.client.SecurityServerClientImpl.authenticate(SecurityServerClientImpl.java:193)
	at com.atlassian.crowd.integration.service.soap.client.SecurityServerClientImpl.isValidToken(SecurityServerClientImpl.java:251)
	at com.atlassian.crowd.integration.service.cache.AuthenticationManagerImpl.isAuthenticated(AuthenticationManagerImpl.java:80)
	at com.atlassian.crowd.integration.http.HttpAuthenticatorImpl.isAuthenticated(HttpAuthenticatorImpl.java:292)
	at CrowdAuthSecurityFilters$_closure1_closure2_closure4.doCall(CrowdAuthSecurityFilters.groovy:112)
	at grails.plugin.cache.web.filter.PageFragmentCachingFilter.doFilter(PageFragmentCachingFilter.java:195)
	at grails.plugin.cache.web.filter.AbstractFilter.doFilter(AbstractFilter.java:63)
	at java.util.concurrent.ThreadPoolExecutor$Worker.runTask(ThreadPoolExecutor.java:895)
	at java.util.concurrent.ThreadPoolExecutor$Worker.run(ThreadPoolExecutor.java:918)
	at java.lang.Thread.run(Thread.java:680)
2013-11-18 14:30:11,423 [http-bio-8080-exec-5] ERROR StackTrace  - Full Stack Trace:
com.atlassian.crowd.integration.exception.InvalidAuthorizationTokenException: Client with address "35.46.16.116" is forbidden from making requests to the application, {2}.
	at org.codehaus.xfire.aegis.type.basic.BeanType.createFromFault(BeanType.java:235)
	at org.codehaus.xfire.aegis.type.basic.BeanType.readObject(BeanType.java:105)
	at org.codehaus.xfire.aegis.AegisBindingProvider.readParameter(AegisBindingProvider.java:169)
	at org.codehaus.xfire.client.ClientFaultConverter.processFaultDetail(ClientFaultConverter.java:51)
	at org.codehaus.xfire.client.ClientFaultConverter.invoke(ClientFaultConverter.java:32)
	at org.codehaus.xfire.handler.HandlerPipeline.invoke(HandlerPipeline.java:131)
	at org.codehaus.xfire.client.Client.onReceive(Client.java:424)
	at org.codehaus.xfire.transport.http.HttpChannel.sendViaClient(HttpChannel.java:139)
	at org.codehaus.xfire.transport.http.HttpChannel.send(HttpChannel.java:48)
	at org.codehaus.xfire.handler.OutMessageSender.invoke(OutMessageSender.java:26)
	at org.codehaus.xfire.handler.HandlerPipeline.invoke(HandlerPipeline.java:131)
	at org.codehaus.xfire.client.Invocation.invoke(Invocation.java:79)
	at org.codehaus.xfire.client.Invocation.invoke(Invocation.java:114)
	at org.codehaus.xfire.client.Client.invoke(Client.java:336)
	at org.codehaus.xfire.client.XFireProxy.handleRequest(XFireProxy.java:77)
	at org.codehaus.xfire.client.XFireProxy.invoke(XFireProxy.java:57)
	at com.atlassian.crowd.integration.service.soap.client.SecurityServerClientImpl.authenticate(SecurityServerClientImpl.java:193)
	at com.atlassian.crowd.integration.service.soap.client.SecurityServerClientImpl.isValidToken(SecurityServerClientImpl.java:251)
	at com.atlassian.crowd.integration.service.cache.AuthenticationManagerImpl.isAuthenticated(AuthenticationManagerImpl.java:80)
	at com.atlassian.crowd.integration.http.HttpAuthenticatorImpl.isAuthenticated(HttpAuthenticatorImpl.java:292)
	at CrowdAuthSecurityFilters$_closure1_closure2_closure4.doCall(CrowdAuthSecurityFilters.groovy:112)
	at grails.plugin.cache.web.filter.PageFragmentCachingFilter.doFilter(PageFragmentCachingFilter.java:195)
	at grails.plugin.cache.web.filter.AbstractFilter.doFilter(AbstractFilter.java:63)
	at java.util.concurrent.ThreadPoolExecutor$Worker.runTask(ThreadPoolExecutor.java:895)
	at java.util.concurrent.ThreadPoolExecutor$Worker.run(ThreadPoolExecutor.java:918)
	at java.lang.Thread.run(Thread.java:680)
Caused by: org.codehaus.xfire.fault.XFireFault: Client with address "35.46.16.116" is forbidden from making requests to the application, {2}.
	at org.codehaus.xfire.fault.Soap11FaultSerializer.readMessage(Soap11FaultSerializer.java:31)
	at org.codehaus.xfire.fault.SoapFaultSerializer.readMessage(SoapFaultSerializer.java:28)
	at org.codehaus.xfire.soap.handler.ReadHeadersHandler.checkForFault(ReadHeadersHandler.java:111)
	at org.codehaus.xfire.soap.handler.ReadHeadersHandler.invoke(ReadHeadersHandler.java:67)
	at org.codehaus.xfire.handler.HandlerPipeline.invoke(HandlerPipeline.java:131)
	at org.codehaus.xfire.client.Client.onReceive(Client.java:406)
	... 19 more
2013-11-18 14:30:11,423 [http-bio-8080-exec-5] ERROR StackTrace  - Full Stack Trace:
com.atlassian.crowd.integration.exception.InvalidAuthorizationTokenException: Client with address "35.46.16.116" is forbidden from making requests to the application, {2}.
	at org.codehaus.xfire.aegis.type.basic.BeanType.createFromFault(BeanType.java:235)
	at org.codehaus.xfire.aegis.type.basic.BeanType.readObject(BeanType.java:105)
	at org.codehaus.xfire.aegis.AegisBindingProvider.readParameter(AegisBindingProvider.java:169)
	at org.codehaus.xfire.client.ClientFaultConverter.processFaultDetail(ClientFaultConverter.java:51)
	at org.codehaus.xfire.client.ClientFaultConverter.invoke(ClientFaultConverter.java:32)
	at org.codehaus.xfire.handler.HandlerPipeline.invoke(HandlerPipeline.java:131)
	at org.codehaus.xfire.client.Client.onReceive(Client.java:424)
	at org.codehaus.xfire.transport.http.HttpChannel.sendViaClient(HttpChannel.java:139)
	at org.codehaus.xfire.transport.http.HttpChannel.send(HttpChannel.java:48)
	at org.codehaus.xfire.handler.OutMessageSender.invoke(OutMessageSender.java:26)
	at org.codehaus.xfire.handler.HandlerPipeline.invoke(HandlerPipeline.java:131)
	at org.codehaus.xfire.client.Invocation.invoke(Invocation.java:79)
	at org.codehaus.xfire.client.Invocation.invoke(Invocation.java:114)
	at org.codehaus.xfire.client.Client.invoke(Client.java:336)
	at org.codehaus.xfire.client.XFireProxy.handleRequest(XFireProxy.java:77)
	at org.codehaus.xfire.client.XFireProxy.invoke(XFireProxy.java:57)
	at com.atlassian.crowd.integration.service.soap.client.SecurityServerClientImpl.authenticate(SecurityServerClientImpl.java:193)
	at com.atlassian.crowd.integration.service.soap.client.SecurityServerClientImpl.isValidToken(SecurityServerClientImpl.java:251)
	at com.atlassian.crowd.integration.service.cache.AuthenticationManagerImpl.isAuthenticated(AuthenticationManagerImpl.java:80)
	at com.atlassian.crowd.integration.http.HttpAuthenticatorImpl.isAuthenticated(HttpAuthenticatorImpl.java:292)
	at CrowdAuthSecurityFilters$_closure1_closure2_closure4.doCall(CrowdAuthSecurityFilters.groovy:112)
	at grails.plugin.cache.web.filter.PageFragmentCachingFilter.doFilter(PageFragmentCachingFilter.java:195)
	at grails.plugin.cache.web.filter.AbstractFilter.doFilter(AbstractFilter.java:63)
	at java.util.concurrent.ThreadPoolExecutor$Worker.runTask(ThreadPoolExecutor.java:895)
	at java.util.concurrent.ThreadPoolExecutor$Worker.run(ThreadPoolExecutor.java:918)
	at java.lang.Thread.run(Thread.java:680)
Caused by: org.codehaus.xfire.fault.XFireFault: Client with address "35.46.16.116" is forbidden from making requests to the application, {2}.
	at org.codehaus.xfire.fault.Soap11FaultSerializer.readMessage(Soap11FaultSerializer.java:31)
	at org.codehaus.xfire.fault.SoapFaultSerializer.readMessage(SoapFaultSerializer.java:28)
	at org.codehaus.xfire.soap.handler.ReadHeadersHandler.checkForFault(ReadHeadersHandler.java:111)
	at org.codehaus.xfire.soap.handler.ReadHeadersHandler.invoke(ReadHeadersHandler.java:67)
	at org.codehaus.xfire.handler.HandlerPipeline.invoke(HandlerPipeline.java:131)
	at org.codehaus.xfire.client.Client.onReceive(Client.java:406)
	... 19 more
2013-11-18 14:30:11,424 [http-bio-8080-exec-5] ERROR StackTrace  - Full Stack Trace:
org.codehaus.xfire.fault.XFireFault: Client with address "35.46.16.116" is forbidden from making requests to the application, {2}.
	at org.codehaus.xfire.fault.Soap11FaultSerializer.readMessage(Soap11FaultSerializer.java:31)
	at org.codehaus.xfire.fault.SoapFaultSerializer.readMessage(SoapFaultSerializer.java:28)
	at org.codehaus.xfire.soap.handler.ReadHeadersHandler.checkForFault(ReadHeadersHandler.java:111)
	at org.codehaus.xfire.soap.handler.ReadHeadersHandler.invoke(ReadHeadersHandler.java:67)
	at org.codehaus.xfire.handler.HandlerPipeline.invoke(HandlerPipeline.java:131)
	at org.codehaus.xfire.client.Client.onReceive(Client.java:406)
	at org.codehaus.xfire.transport.http.HttpChannel.sendViaClient(HttpChannel.java:139)
	at org.codehaus.xfire.transport.http.HttpChannel.send(HttpChannel.java:48)
	at org.codehaus.xfire.handler.OutMessageSender.invoke(OutMessageSender.java:26)
	at org.codehaus.xfire.handler.HandlerPipeline.invoke(HandlerPipeline.java:131)
	at org.codehaus.xfire.client.Invocation.invoke(Invocation.java:79)
	at org.codehaus.xfire.client.Invocation.invoke(Invocation.java:114)
	at org.codehaus.xfire.client.Client.invoke(Client.java:336)
	at org.codehaus.xfire.client.XFireProxy.handleRequest(XFireProxy.java:77)
	at org.codehaus.xfire.client.XFireProxy.invoke(XFireProxy.java:57)
	at com.atlassian.crowd.integration.service.soap.client.SecurityServerClientImpl.authenticate(SecurityServerClientImpl.java:193)
	at com.atlassian.crowd.integration.service.soap.client.SecurityServerClientImpl.isValidToken(SecurityServerClientImpl.java:251)
	at com.atlassian.crowd.integration.service.cache.AuthenticationManagerImpl.isAuthenticated(AuthenticationManagerImpl.java:80)
	at com.atlassian.crowd.integration.http.HttpAuthenticatorImpl.isAuthenticated(HttpAuthenticatorImpl.java:292)
	at CrowdAuthSecurityFilters$_closure1_closure2_closure4.doCall(CrowdAuthSecurityFilters.groovy:112)
	at grails.plugin.cache.web.filter.PageFragmentCachingFilter.doFilter(PageFragmentCachingFilter.java:195)
	at grails.plugin.cache.web.filter.AbstractFilter.doFilter(AbstractFilter.java:63)
	at java.util.concurrent.ThreadPoolExecutor$Worker.runTask(ThreadPoolExecutor.java:895)
	at java.util.concurrent.ThreadPoolExecutor$Worker.run(ThreadPoolExecutor.java:918)
	at java.lang.Thread.run(Thread.java:680)
2013-11-18 14:30:11,424 [http-bio-8080-exec-5] ERROR StackTrace  - Full Stack Trace:
com.atlassian.crowd.integration.exception.InvalidAuthorizationTokenException: Client with address "35.46.16.116" is forbidden from making requests to the application, {2}.
	at org.codehaus.xfire.aegis.type.basic.BeanType.createFromFault(BeanType.java:235)
	at org.codehaus.xfire.aegis.type.basic.BeanType.readObject(BeanType.java:105)
	at org.codehaus.xfire.aegis.AegisBindingProvider.readParameter(AegisBindingProvider.java:169)
	at org.codehaus.xfire.client.ClientFaultConverter.processFaultDetail(ClientFaultConverter.java:51)
	at org.codehaus.xfire.client.ClientFaultConverter.invoke(ClientFaultConverter.java:32)
	at org.codehaus.xfire.handler.HandlerPipeline.invoke(HandlerPipeline.java:131)
	at org.codehaus.xfire.client.Client.onReceive(Client.java:424)
	at org.codehaus.xfire.transport.http.HttpChannel.sendViaClient(HttpChannel.java:139)
	at org.codehaus.xfire.transport.http.HttpChannel.send(HttpChannel.java:48)
	at org.codehaus.xfire.handler.OutMessageSender.invoke(OutMessageSender.java:26)
	at org.codehaus.xfire.handler.HandlerPipeline.invoke(HandlerPipeline.java:131)
	at org.codehaus.xfire.client.Invocation.invoke(Invocation.java:79)
	at org.codehaus.xfire.client.Invocation.invoke(Invocation.java:114)
	at org.codehaus.xfire.client.Client.invoke(Client.java:336)
	at org.codehaus.xfire.client.XFireProxy.handleRequest(XFireProxy.java:77)
	at org.codehaus.xfire.client.XFireProxy.invoke(XFireProxy.java:57)
	at com.atlassian.crowd.integration.service.soap.client.SecurityServerClientImpl.authenticate(SecurityServerClientImpl.java:193)
	at com.atlassian.crowd.integration.service.soap.client.SecurityServerClientImpl.isValidToken(SecurityServerClientImpl.java:251)
	at com.atlassian.crowd.integration.service.cache.AuthenticationManagerImpl.isAuthenticated(AuthenticationManagerImpl.java:80)
	at com.atlassian.crowd.integration.http.HttpAuthenticatorImpl.isAuthenticated(HttpAuthenticatorImpl.java:292)
	at CrowdAuthSecurityFilters$_closure1_closure2_closure4.doCall(CrowdAuthSecurityFilters.groovy:112)
	at grails.plugin.cache.web.filter.PageFragmentCachingFilter.doFilter(PageFragmentCachingFilter.java:195)
	at grails.plugin.cache.web.filter.AbstractFilter.doFilter(AbstractFilter.java:63)
	at java.util.concurrent.ThreadPoolExecutor$Worker.runTask(ThreadPoolExecutor.java:895)
	at java.util.concurrent.ThreadPoolExecutor$Worker.run(ThreadPoolExecutor.java:918)
	at java.lang.Thread.run(Thread.java:680)
Caused by: org.codehaus.xfire.fault.XFireFault: Client with address "35.46.16.116" is forbidden from making requests to the application, {2}.
	at org.codehaus.xfire.fault.Soap11FaultSerializer.readMessage(Soap11FaultSerializer.java:31)
	at org.codehaus.xfire.fault.SoapFaultSerializer.readMessage(SoapFaultSerializer.java:28)
	at org.codehaus.xfire.soap.handler.ReadHeadersHandler.checkForFault(ReadHeadersHandler.java:111)
	at org.codehaus.xfire.soap.handler.ReadHeadersHandler.invoke(ReadHeadersHandler.java:67)
	at org.codehaus.xfire.handler.HandlerPipeline.invoke(HandlerPipeline.java:131)
	at org.codehaus.xfire.client.Client.onReceive(Client.java:406)
	... 19 more
2013-11-18 16:15:13,990 [http-bio-8080-exec-10] ERROR StackTrace  - Full Stack Trace:
java.lang.RuntimeException: Submit was: <org.codehaus.groovy.grails.web.servlet.mvc.GrailsParameterMap@34d1346e request=org.apache.catalina.core.ApplicationHttpRequest@68f592b6 nestedDateMap=[:] wrappedMap=[district:Allegan Public Schools, action:edituser, controller:usermanagement]>
	at sun.reflect.NativeConstructorAccessorImpl.newInstance0(Native Method)
	at sun.reflect.NativeConstructorAccessorImpl.newInstance(NativeConstructorAccessorImpl.java:39)
	at sun.reflect.DelegatingConstructorAccessorImpl.newInstance(DelegatingConstructorAccessorImpl.java:27)
	at java.lang.reflect.Constructor.newInstance(Constructor.java:513)
	at org.springsource.loaded.ri.ReflectiveInterceptor.jlrConstructorNewInstance(ReflectiveInterceptor.java:991)
	at org.codehaus.groovy.reflection.CachedConstructor.invoke(CachedConstructor.java:77)
	at org.codehaus.groovy.runtime.callsite.ConstructorSite$ConstructorSiteNoUnwrapNoCoerce.callConstructor(ConstructorSite.java:102)
	at org.codehaus.groovy.runtime.callsite.CallSiteArray.defaultCallConstructor(CallSiteArray.java:57)
	at org.codehaus.groovy.runtime.callsite.AbstractCallSite.callConstructor(AbstractCallSite.java:182)
	at org.codehaus.groovy.runtime.callsite.AbstractCallSite.callConstructor(AbstractCallSite.java:190)
	at webportal.UsermanagementController$$EONa2joG.edituser(UsermanagementController.groovy:84)
	at sun.reflect.NativeMethodAccessorImpl.invoke0(Native Method)
	at sun.reflect.NativeMethodAccessorImpl.invoke(NativeMethodAccessorImpl.java:39)
	at sun.reflect.DelegatingMethodAccessorImpl.invoke(DelegatingMethodAccessorImpl.java:25)
	at java.lang.reflect.Method.invoke(Method.java:597)
	at org.springsource.loaded.ri.ReloadedTypeInvoker$2.invoke(ReloadedTypeInvoker.java:122)
	at org.springsource.loaded.ri.ReflectiveInterceptor.jlrMethodInvoke(ReflectiveInterceptor.java:1288)
	at org.codehaus.groovy.grails.web.servlet.mvc.MixedGrailsControllerHelper.invoke(MixedGrailsControllerHelper.java:69)
	at grails.plugin.cache.web.ProxyAwareMixedGrailsControllerHelper.invoke(ProxyAwareMixedGrailsControllerHelper.java)
	at org.codehaus.groovy.grails.web.servlet.mvc.AbstractGrailsControllerHelper.handleAction(AbstractGrailsControllerHelper.java:348)
	at grails.plugin.cache.web.ProxyAwareMixedGrailsControllerHelper.handleAction(ProxyAwareMixedGrailsControllerHelper.java)
	at org.codehaus.groovy.grails.web.servlet.mvc.AbstractGrailsControllerHelper.executeAction(AbstractGrailsControllerHelper.java:231)
	at grails.plugin.cache.web.ProxyAwareMixedGrailsControllerHelper.executeAction(ProxyAwareMixedGrailsControllerHelper.java)
	at org.codehaus.groovy.grails.web.servlet.mvc.AbstractGrailsControllerHelper.handleURI(AbstractGrailsControllerHelper.java:197)
	at grails.plugin.cache.web.ProxyAwareMixedGrailsControllerHelper.handleURI(ProxyAwareMixedGrailsControllerHelper.java)
	at org.codehaus.groovy.grails.web.servlet.mvc.AbstractGrailsControllerHelper.handleURI(AbstractGrailsControllerHelper.java:118)
	at grails.plugin.cache.web.ProxyAwareMixedGrailsControllerHelper.handleURI(ProxyAwareMixedGrailsControllerHelper.java)
	at org.codehaus.groovy.grails.web.servlet.mvc.SimpleGrailsController.handleRequest(SimpleGrailsController.java:72)
	at org.springframework.web.servlet.mvc.SimpleControllerHandlerAdapter.handle(SimpleControllerHandlerAdapter.java:48)
	at org.codehaus.groovy.grails.web.servlet.GrailsDispatcherServlet.doDispatch(GrailsDispatcherServlet.java:328)
	at org.springframework.web.servlet.DispatcherServlet.doService(DispatcherServlet.java:852)
	at org.springframework.web.servlet.FrameworkServlet.processRequest(FrameworkServlet.java:882)
	at org.springframework.web.servlet.FrameworkServlet.doPost(FrameworkServlet.java:789)
	at javax.servlet.http.HttpServlet.service(HttpServlet.java:647)
	at javax.servlet.http.HttpServlet.service(HttpServlet.java:728)
	at org.apache.catalina.core.ApplicationFilterChain.internalDoFilter(ApplicationFilterChain.java:305)
	at org.apache.catalina.core.ApplicationFilterChain.doFilter(ApplicationFilterChain.java:210)
	at grails.plugin.cache.web.filter.PageFragmentCachingFilter.doFilter(PageFragmentCachingFilter.java:195)
	at grails.plugin.cache.web.filter.simple.MemoryPageFragmentCachingFilter.doFilter(MemoryPageFragmentCachingFilter.java)
	at grails.plugin.cache.web.filter.AbstractFilter.doFilter(AbstractFilter.java:63)
	at org.springframework.web.filter.DelegatingFilterProxy.invokeDelegate(DelegatingFilterProxy.java:346)
	at org.springframework.web.filter.DelegatingFilterProxy.doFilter(DelegatingFilterProxy.java:259)
	at org.apache.catalina.core.ApplicationFilterChain.internalDoFilter(ApplicationFilterChain.java:243)
	at org.apache.catalina.core.ApplicationFilterChain.doFilter(ApplicationFilterChain.java:210)
	at org.springframework.web.filter.OncePerRequestFilter.doFilter(OncePerRequestFilter.java:70)
	at org.apache.catalina.core.ApplicationFilterChain.internalDoFilter(ApplicationFilterChain.java:243)
	at org.apache.catalina.core.ApplicationFilterChain.doFilter(ApplicationFilterChain.java:210)
	at org.springframework.web.filter.OncePerRequestFilter.doFilter(OncePerRequestFilter.java:70)
	at org.apache.catalina.core.ApplicationFilterChain.internalDoFilter(ApplicationFilterChain.java:243)
	at org.apache.catalina.core.ApplicationFilterChain.doFilter(ApplicationFilterChain.java:210)
	at org.springframework.web.filter.OncePerRequestFilter.doFilter(OncePerRequestFilter.java:70)
	at org.apache.catalina.core.ApplicationFilterChain.internalDoFilter(ApplicationFilterChain.java:243)
	at org.apache.catalina.core.ApplicationFilterChain.doFilter(ApplicationFilterChain.java:210)
	at org.apache.catalina.core.ApplicationDispatcher.invoke(ApplicationDispatcher.java:749)
	at org.apache.catalina.core.ApplicationDispatcher.processRequest(ApplicationDispatcher.java:487)
	at org.apache.catalina.core.ApplicationDispatcher.doForward(ApplicationDispatcher.java:412)
	at org.apache.catalina.core.ApplicationDispatcher.forward(ApplicationDispatcher.java:339)
	at org.codehaus.groovy.grails.web.util.WebUtils.forwardRequestForUrlMappingInfo(WebUtils.java:314)
	at org.codehaus.groovy.grails.web.util.WebUtils.forwardRequestForUrlMappingInfo(WebUtils.java:279)
	at org.codehaus.groovy.grails.web.util.WebUtils.forwardRequestForUrlMappingInfo(WebUtils.java:270)
	at org.codehaus.groovy.grails.web.mapping.filter.UrlMappingsFilter.doFilterInternal(UrlMappingsFilter.java:222)
	at org.springframework.web.filter.OncePerRequestFilter.doFilter(OncePerRequestFilter.java:76)
	at org.apache.catalina.core.ApplicationFilterChain.internalDoFilter(ApplicationFilterChain.java:243)
	at org.apache.catalina.core.ApplicationFilterChain.doFilter(ApplicationFilterChain.java:210)
	at org.codehaus.groovy.grails.web.sitemesh.GrailsPageFilter.obtainContent(GrailsPageFilter.java:206)
	at org.codehaus.groovy.grails.web.sitemesh.GrailsPageFilter.doFilter(GrailsPageFilter.java:152)
	at org.apache.catalina.core.ApplicationFilterChain.internalDoFilter(ApplicationFilterChain.java:243)
	at org.apache.catalina.core.ApplicationFilterChain.doFilter(ApplicationFilterChain.java:210)
	at javax.servlet.FilterChain$doFilter.call(Unknown Source)
	at org.grails.plugin.resource.DevModeSanityFilter.doFilter(DevModeSanityFilter.groovy:44)
	at org.apache.catalina.core.ApplicationFilterChain.internalDoFilter(ApplicationFilterChain.java:243)
	at org.apache.catalina.core.ApplicationFilterChain.doFilter(ApplicationFilterChain.java:210)
	at org.codehaus.groovy.grails.web.servlet.mvc.GrailsWebRequestFilter.doFilterInternal(GrailsWebRequestFilter.java:69)
	at org.springframework.web.filter.OncePerRequestFilter.doFilter(OncePerRequestFilter.java:76)
	at org.apache.catalina.core.ApplicationFilterChain.internalDoFilter(ApplicationFilterChain.java:243)
	at org.apache.catalina.core.ApplicationFilterChain.doFilter(ApplicationFilterChain.java:210)
	at org.codehaus.groovy.grails.web.filters.HiddenHttpMethodFilter.doFilterInternal(HiddenHttpMethodFilter.java:66)
	at org.springframework.web.filter.OncePerRequestFilter.doFilter(OncePerRequestFilter.java:76)
	at org.apache.catalina.core.ApplicationFilterChain.internalDoFilter(ApplicationFilterChain.java:243)
	at org.apache.catalina.core.ApplicationFilterChain.doFilter(ApplicationFilterChain.java:210)
	at org.springframework.web.filter.CharacterEncodingFilter.doFilterInternal(CharacterEncodingFilter.java:88)
	at org.springframework.web.filter.OncePerRequestFilter.doFilter(OncePerRequestFilter.java:76)
	at org.springframework.web.filter.DelegatingFilterProxy.invokeDelegate(DelegatingFilterProxy.java:346)
	at org.springframework.web.filter.DelegatingFilterProxy.doFilter(DelegatingFilterProxy.java:259)
	at org.apache.catalina.core.ApplicationFilterChain.internalDoFilter(ApplicationFilterChain.java:243)
	at org.apache.catalina.core.ApplicationFilterChain.doFilter(ApplicationFilterChain.java:210)
	at org.apache.catalina.core.StandardWrapperValve.invoke(StandardWrapperValve.java:222)
	at org.apache.catalina.core.StandardContextValve.invoke(StandardContextValve.java:123)
	at org.apache.catalina.core.StandardHostValve.invoke(StandardHostValve.java:171)
	at org.apache.catalina.valves.ErrorReportValve.invoke(ErrorReportValve.java:99)
	at org.apache.catalina.core.StandardEngineValve.invoke(StandardEngineValve.java:118)
	at org.apache.catalina.connector.CoyoteAdapter.service(CoyoteAdapter.java:408)
	at org.apache.coyote.http11.AbstractHttp11Processor.process(AbstractHttp11Processor.java:1023)
	at org.apache.coyote.AbstractProtocol$AbstractConnectionHandler.process(AbstractProtocol.java:589)
	at org.apache.tomcat.util.net.JIoEndpoint$SocketProcessor.run(JIoEndpoint.java:312)
	at java.util.concurrent.ThreadPoolExecutor$Worker.runTask(ThreadPoolExecutor.java:895)
	at java.util.concurrent.ThreadPoolExecutor$Worker.run(ThreadPoolExecutor.java:918)
	at java.lang.Thread.run(Thread.java:680)
2013-11-18 16:15:13,998 [http-bio-8080-exec-10] ERROR StackTrace  - Full Stack Trace:
java.lang.RuntimeException: Submit was: <org.codehaus.groovy.grails.web.servlet.mvc.GrailsParameterMap@34d1346e request=org.apache.catalina.core.ApplicationHttpRequest@68f592b6 nestedDateMap=[:] wrappedMap=[district:Allegan Public Schools, action:edituser, controller:usermanagement]>
	at webportal.UsermanagementController$$EONa2joG.edituser(UsermanagementController.groovy:84)
	at grails.plugin.cache.web.filter.PageFragmentCachingFilter.doFilter(PageFragmentCachingFilter.java:195)
	at grails.plugin.cache.web.filter.AbstractFilter.doFilter(AbstractFilter.java:63)
	at java.util.concurrent.ThreadPoolExecutor$Worker.runTask(ThreadPoolExecutor.java:895)
	at java.util.concurrent.ThreadPoolExecutor$Worker.run(ThreadPoolExecutor.java:918)
	at java.lang.Thread.run(Thread.java:680)
2013-11-18 16:15:14,006 [http-bio-8080-exec-10] ERROR StackTrace  - Full Stack Trace:
java.lang.RuntimeException: Submit was: <org.codehaus.groovy.grails.web.servlet.mvc.GrailsParameterMap@34d1346e request=org.apache.catalina.core.ApplicationHttpRequest@68f592b6 nestedDateMap=[:] wrappedMap=[district:Allegan Public Schools, action:edituser, controller:usermanagement]>
	at webportal.UsermanagementController$$EONa2joG.edituser(UsermanagementController.groovy:84)
	at grails.plugin.cache.web.filter.PageFragmentCachingFilter.doFilter(PageFragmentCachingFilter.java:195)
	at grails.plugin.cache.web.filter.AbstractFilter.doFilter(AbstractFilter.java:63)
	at java.util.concurrent.ThreadPoolExecutor$Worker.runTask(ThreadPoolExecutor.java:895)
	at java.util.concurrent.ThreadPoolExecutor$Worker.run(ThreadPoolExecutor.java:918)
	at java.lang.Thread.run(Thread.java:680)
2013-11-18 16:15:14,006 [http-bio-8080-exec-10] ERROR StackTrace  - Full Stack Trace:
java.lang.RuntimeException: Submit was: <org.codehaus.groovy.grails.web.servlet.mvc.GrailsParameterMap@34d1346e request=org.apache.catalina.core.ApplicationHttpRequest@68f592b6 nestedDateMap=[:] wrappedMap=[district:Allegan Public Schools, action:edituser, controller:usermanagement]>
	at webportal.UsermanagementController$$EONa2joG.edituser(UsermanagementController.groovy:84)
	at grails.plugin.cache.web.filter.PageFragmentCachingFilter.doFilter(PageFragmentCachingFilter.java:195)
	at grails.plugin.cache.web.filter.AbstractFilter.doFilter(AbstractFilter.java:63)
	at java.util.concurrent.ThreadPoolExecutor$Worker.runTask(ThreadPoolExecutor.java:895)
	at java.util.concurrent.ThreadPoolExecutor$Worker.run(ThreadPoolExecutor.java:918)
	at java.lang.Thread.run(Thread.java:680)
2013-11-18 16:15:14,007 [http-bio-8080-exec-10] ERROR StackTrace  - Full Stack Trace:
java.lang.RuntimeException: Submit was: <org.codehaus.groovy.grails.web.servlet.mvc.GrailsParameterMap@34d1346e request=org.apache.catalina.core.ApplicationHttpRequest@68f592b6 nestedDateMap=[:] wrappedMap=[district:Allegan Public Schools, action:edituser, controller:usermanagement]>
	at webportal.UsermanagementController$$EONa2joG.edituser(UsermanagementController.groovy:84)
	at grails.plugin.cache.web.filter.PageFragmentCachingFilter.doFilter(PageFragmentCachingFilter.java:195)
	at grails.plugin.cache.web.filter.AbstractFilter.doFilter(AbstractFilter.java:63)
	at java.util.concurrent.ThreadPoolExecutor$Worker.runTask(ThreadPoolExecutor.java:895)
	at java.util.concurrent.ThreadPoolExecutor$Worker.run(ThreadPoolExecutor.java:918)
	at java.lang.Thread.run(Thread.java:680)
2013-11-18 16:15:14,007 [http-bio-8080-exec-10] ERROR StackTrace  - Full Stack Trace:
java.lang.RuntimeException: Submit was: <org.codehaus.groovy.grails.web.servlet.mvc.GrailsParameterMap@34d1346e request=org.apache.catalina.core.ApplicationHttpRequest@68f592b6 nestedDateMap=[:] wrappedMap=[district:Allegan Public Schools, action:edituser, controller:usermanagement]>
	at webportal.UsermanagementController$$EONa2joG.edituser(UsermanagementController.groovy:84)
	at grails.plugin.cache.web.filter.PageFragmentCachingFilter.doFilter(PageFragmentCachingFilter.java:195)
	at grails.plugin.cache.web.filter.AbstractFilter.doFilter(AbstractFilter.java:63)
	at java.util.concurrent.ThreadPoolExecutor$Worker.runTask(ThreadPoolExecutor.java:895)
	at java.util.concurrent.ThreadPoolExecutor$Worker.run(ThreadPoolExecutor.java:918)
	at java.lang.Thread.run(Thread.java:680)
2013-11-18 16:16:12,038 [http-bio-8080-exec-6] ERROR StackTrace  - Full Stack Trace:
java.lang.RuntimeException: Submit was: <org.codehaus.groovy.grails.web.servlet.mvc.GrailsParameterMap@34d1346e request=org.apache.catalina.core.ApplicationHttpRequest@68a703f4 nestedDateMap=[:] wrappedMap=[district:Allegan Public Schools, action:edituser, controller:usermanagement]>
	at sun.reflect.NativeConstructorAccessorImpl.newInstance0(Native Method)
	at sun.reflect.NativeConstructorAccessorImpl.newInstance(NativeConstructorAccessorImpl.java:39)
	at sun.reflect.DelegatingConstructorAccessorImpl.newInstance(DelegatingConstructorAccessorImpl.java:27)
	at java.lang.reflect.Constructor.newInstance(Constructor.java:513)
	at org.springsource.loaded.ri.ReflectiveInterceptor.jlrConstructorNewInstance(ReflectiveInterceptor.java:991)
	at org.codehaus.groovy.reflection.CachedConstructor.invoke(CachedConstructor.java:77)
	at org.codehaus.groovy.runtime.callsite.ConstructorSite$ConstructorSiteNoUnwrapNoCoerce.callConstructor(ConstructorSite.java:102)
	at org.codehaus.groovy.runtime.callsite.CallSiteArray.defaultCallConstructor(CallSiteArray.java:57)
	at org.codehaus.groovy.runtime.callsite.AbstractCallSite.callConstructor(AbstractCallSite.java:182)
	at org.codehaus.groovy.runtime.callsite.AbstractCallSite.callConstructor(AbstractCallSite.java:190)
	at webportal.UsermanagementController$$EONa2vmC.edituser(UsermanagementController.groovy:87)
	at sun.reflect.NativeMethodAccessorImpl.invoke0(Native Method)
	at sun.reflect.NativeMethodAccessorImpl.invoke(NativeMethodAccessorImpl.java:39)
	at sun.reflect.DelegatingMethodAccessorImpl.invoke(DelegatingMethodAccessorImpl.java:25)
	at java.lang.reflect.Method.invoke(Method.java:597)
	at org.springsource.loaded.ri.ReloadedTypeInvoker$2.invoke(ReloadedTypeInvoker.java:122)
	at org.springsource.loaded.ri.ReflectiveInterceptor.jlrMethodInvoke(ReflectiveInterceptor.java:1288)
	at org.codehaus.groovy.grails.web.servlet.mvc.MixedGrailsControllerHelper.invoke(MixedGrailsControllerHelper.java:69)
	at grails.plugin.cache.web.ProxyAwareMixedGrailsControllerHelper.invoke(ProxyAwareMixedGrailsControllerHelper.java)
	at org.codehaus.groovy.grails.web.servlet.mvc.AbstractGrailsControllerHelper.handleAction(AbstractGrailsControllerHelper.java:348)
	at grails.plugin.cache.web.ProxyAwareMixedGrailsControllerHelper.handleAction(ProxyAwareMixedGrailsControllerHelper.java)
	at org.codehaus.groovy.grails.web.servlet.mvc.AbstractGrailsControllerHelper.executeAction(AbstractGrailsControllerHelper.java:231)
	at grails.plugin.cache.web.ProxyAwareMixedGrailsControllerHelper.executeAction(ProxyAwareMixedGrailsControllerHelper.java)
	at org.codehaus.groovy.grails.web.servlet.mvc.AbstractGrailsControllerHelper.handleURI(AbstractGrailsControllerHelper.java:197)
	at grails.plugin.cache.web.ProxyAwareMixedGrailsControllerHelper.handleURI(ProxyAwareMixedGrailsControllerHelper.java)
	at org.codehaus.groovy.grails.web.servlet.mvc.AbstractGrailsControllerHelper.handleURI(AbstractGrailsControllerHelper.java:118)
	at grails.plugin.cache.web.ProxyAwareMixedGrailsControllerHelper.handleURI(ProxyAwareMixedGrailsControllerHelper.java)
	at org.codehaus.groovy.grails.web.servlet.mvc.SimpleGrailsController.handleRequest(SimpleGrailsController.java:72)
	at org.springframework.web.servlet.mvc.SimpleControllerHandlerAdapter.handle(SimpleControllerHandlerAdapter.java:48)
	at org.codehaus.groovy.grails.web.servlet.GrailsDispatcherServlet.doDispatch(GrailsDispatcherServlet.java:328)
	at org.springframework.web.servlet.DispatcherServlet.doService(DispatcherServlet.java:852)
	at org.springframework.web.servlet.FrameworkServlet.processRequest(FrameworkServlet.java:882)
	at org.springframework.web.servlet.FrameworkServlet.doPost(FrameworkServlet.java:789)
	at javax.servlet.http.HttpServlet.service(HttpServlet.java:647)
	at javax.servlet.http.HttpServlet.service(HttpServlet.java:728)
	at org.apache.catalina.core.ApplicationFilterChain.internalDoFilter(ApplicationFilterChain.java:305)
	at org.apache.catalina.core.ApplicationFilterChain.doFilter(ApplicationFilterChain.java:210)
	at grails.plugin.cache.web.filter.PageFragmentCachingFilter.doFilter(PageFragmentCachingFilter.java:195)
	at grails.plugin.cache.web.filter.simple.MemoryPageFragmentCachingFilter.doFilter(MemoryPageFragmentCachingFilter.java)
	at grails.plugin.cache.web.filter.AbstractFilter.doFilter(AbstractFilter.java:63)
	at org.springframework.web.filter.DelegatingFilterProxy.invokeDelegate(DelegatingFilterProxy.java:346)
	at org.springframework.web.filter.DelegatingFilterProxy.doFilter(DelegatingFilterProxy.java:259)
	at org.apache.catalina.core.ApplicationFilterChain.internalDoFilter(ApplicationFilterChain.java:243)
	at org.apache.catalina.core.ApplicationFilterChain.doFilter(ApplicationFilterChain.java:210)
	at org.springframework.web.filter.OncePerRequestFilter.doFilter(OncePerRequestFilter.java:70)
	at org.apache.catalina.core.ApplicationFilterChain.internalDoFilter(ApplicationFilterChain.java:243)
	at org.apache.catalina.core.ApplicationFilterChain.doFilter(ApplicationFilterChain.java:210)
	at org.springframework.web.filter.OncePerRequestFilter.doFilter(OncePerRequestFilter.java:70)
	at org.apache.catalina.core.ApplicationFilterChain.internalDoFilter(ApplicationFilterChain.java:243)
	at org.apache.catalina.core.ApplicationFilterChain.doFilter(ApplicationFilterChain.java:210)
	at org.springframework.web.filter.OncePerRequestFilter.doFilter(OncePerRequestFilter.java:70)
	at org.apache.catalina.core.ApplicationFilterChain.internalDoFilter(ApplicationFilterChain.java:243)
	at org.apache.catalina.core.ApplicationFilterChain.doFilter(ApplicationFilterChain.java:210)
	at org.apache.catalina.core.ApplicationDispatcher.invoke(ApplicationDispatcher.java:749)
	at org.apache.catalina.core.ApplicationDispatcher.processRequest(ApplicationDispatcher.java:487)
	at org.apache.catalina.core.ApplicationDispatcher.doForward(ApplicationDispatcher.java:412)
	at org.apache.catalina.core.ApplicationDispatcher.forward(ApplicationDispatcher.java:339)
	at org.codehaus.groovy.grails.web.util.WebUtils.forwardRequestForUrlMappingInfo(WebUtils.java:314)
	at org.codehaus.groovy.grails.web.util.WebUtils.forwardRequestForUrlMappingInfo(WebUtils.java:279)
	at org.codehaus.groovy.grails.web.util.WebUtils.forwardRequestForUrlMappingInfo(WebUtils.java:270)
	at org.codehaus.groovy.grails.web.mapping.filter.UrlMappingsFilter.doFilterInternal(UrlMappingsFilter.java:222)
	at org.springframework.web.filter.OncePerRequestFilter.doFilter(OncePerRequestFilter.java:76)
	at org.apache.catalina.core.ApplicationFilterChain.internalDoFilter(ApplicationFilterChain.java:243)
	at org.apache.catalina.core.ApplicationFilterChain.doFilter(ApplicationFilterChain.java:210)
	at org.codehaus.groovy.grails.web.sitemesh.GrailsPageFilter.obtainContent(GrailsPageFilter.java:206)
	at org.codehaus.groovy.grails.web.sitemesh.GrailsPageFilter.doFilter(GrailsPageFilter.java:152)
	at org.apache.catalina.core.ApplicationFilterChain.internalDoFilter(ApplicationFilterChain.java:243)
	at org.apache.catalina.core.ApplicationFilterChain.doFilter(ApplicationFilterChain.java:210)
	at javax.servlet.FilterChain$doFilter.call(Unknown Source)
	at org.grails.plugin.resource.DevModeSanityFilter.doFilter(DevModeSanityFilter.groovy:44)
	at org.apache.catalina.core.ApplicationFilterChain.internalDoFilter(ApplicationFilterChain.java:243)
	at org.apache.catalina.core.ApplicationFilterChain.doFilter(ApplicationFilterChain.java:210)
	at org.codehaus.groovy.grails.web.servlet.mvc.GrailsWebRequestFilter.doFilterInternal(GrailsWebRequestFilter.java:69)
	at org.springframework.web.filter.OncePerRequestFilter.doFilter(OncePerRequestFilter.java:76)
	at org.apache.catalina.core.ApplicationFilterChain.internalDoFilter(ApplicationFilterChain.java:243)
	at org.apache.catalina.core.ApplicationFilterChain.doFilter(ApplicationFilterChain.java:210)
	at org.codehaus.groovy.grails.web.filters.HiddenHttpMethodFilter.doFilterInternal(HiddenHttpMethodFilter.java:66)
	at org.springframework.web.filter.OncePerRequestFilter.doFilter(OncePerRequestFilter.java:76)
	at org.apache.catalina.core.ApplicationFilterChain.internalDoFilter(ApplicationFilterChain.java:243)
	at org.apache.catalina.core.ApplicationFilterChain.doFilter(ApplicationFilterChain.java:210)
	at org.springframework.web.filter.CharacterEncodingFilter.doFilterInternal(CharacterEncodingFilter.java:88)
	at org.springframework.web.filter.OncePerRequestFilter.doFilter(OncePerRequestFilter.java:76)
	at org.springframework.web.filter.DelegatingFilterProxy.invokeDelegate(DelegatingFilterProxy.java:346)
	at org.springframework.web.filter.DelegatingFilterProxy.doFilter(DelegatingFilterProxy.java:259)
	at org.apache.catalina.core.ApplicationFilterChain.internalDoFilter(ApplicationFilterChain.java:243)
	at org.apache.catalina.core.ApplicationFilterChain.doFilter(ApplicationFilterChain.java:210)
	at org.apache.catalina.core.StandardWrapperValve.invoke(StandardWrapperValve.java:222)
	at org.apache.catalina.core.StandardContextValve.invoke(StandardContextValve.java:123)
	at org.apache.catalina.core.StandardHostValve.invoke(StandardHostValve.java:171)
	at org.apache.catalina.valves.ErrorReportValve.invoke(ErrorReportValve.java:99)
	at org.apache.catalina.core.StandardEngineValve.invoke(StandardEngineValve.java:118)
	at org.apache.catalina.connector.CoyoteAdapter.service(CoyoteAdapter.java:408)
	at org.apache.coyote.http11.AbstractHttp11Processor.process(AbstractHttp11Processor.java:1023)
	at org.apache.coyote.AbstractProtocol$AbstractConnectionHandler.process(AbstractProtocol.java:589)
	at org.apache.tomcat.util.net.JIoEndpoint$SocketProcessor.run(JIoEndpoint.java:312)
	at java.util.concurrent.ThreadPoolExecutor$Worker.runTask(ThreadPoolExecutor.java:895)
	at java.util.concurrent.ThreadPoolExecutor$Worker.run(ThreadPoolExecutor.java:918)
	at java.lang.Thread.run(Thread.java:680)
2013-11-18 16:16:12,039 [http-bio-8080-exec-6] ERROR StackTrace  - Full Stack Trace:
java.lang.RuntimeException: Submit was: <org.codehaus.groovy.grails.web.servlet.mvc.GrailsParameterMap@34d1346e request=org.apache.catalina.core.ApplicationHttpRequest@68a703f4 nestedDateMap=[:] wrappedMap=[district:Allegan Public Schools, action:edituser, controller:usermanagement]>
	at webportal.UsermanagementController$$EONa2vmC.edituser(UsermanagementController.groovy:87)
	at grails.plugin.cache.web.filter.PageFragmentCachingFilter.doFilter(PageFragmentCachingFilter.java:195)
	at grails.plugin.cache.web.filter.AbstractFilter.doFilter(AbstractFilter.java:63)
	at java.util.concurrent.ThreadPoolExecutor$Worker.runTask(ThreadPoolExecutor.java:895)
	at java.util.concurrent.ThreadPoolExecutor$Worker.run(ThreadPoolExecutor.java:918)
	at java.lang.Thread.run(Thread.java:680)
2013-11-18 16:16:12,042 [http-bio-8080-exec-6] ERROR StackTrace  - Full Stack Trace:
java.lang.RuntimeException: Submit was: <org.codehaus.groovy.grails.web.servlet.mvc.GrailsParameterMap@34d1346e request=org.apache.catalina.core.ApplicationHttpRequest@68a703f4 nestedDateMap=[:] wrappedMap=[district:Allegan Public Schools, action:edituser, controller:usermanagement]>
	at webportal.UsermanagementController$$EONa2vmC.edituser(UsermanagementController.groovy:87)
	at grails.plugin.cache.web.filter.PageFragmentCachingFilter.doFilter(PageFragmentCachingFilter.java:195)
	at grails.plugin.cache.web.filter.AbstractFilter.doFilter(AbstractFilter.java:63)
	at java.util.concurrent.ThreadPoolExecutor$Worker.runTask(ThreadPoolExecutor.java:895)
	at java.util.concurrent.ThreadPoolExecutor$Worker.run(ThreadPoolExecutor.java:918)
	at java.lang.Thread.run(Thread.java:680)
2013-11-18 16:16:12,042 [http-bio-8080-exec-6] ERROR StackTrace  - Full Stack Trace:
java.lang.RuntimeException: Submit was: <org.codehaus.groovy.grails.web.servlet.mvc.GrailsParameterMap@34d1346e request=org.apache.catalina.core.ApplicationHttpRequest@68a703f4 nestedDateMap=[:] wrappedMap=[district:Allegan Public Schools, action:edituser, controller:usermanagement]>
	at webportal.UsermanagementController$$EONa2vmC.edituser(UsermanagementController.groovy:87)
	at grails.plugin.cache.web.filter.PageFragmentCachingFilter.doFilter(PageFragmentCachingFilter.java:195)
	at grails.plugin.cache.web.filter.AbstractFilter.doFilter(AbstractFilter.java:63)
	at java.util.concurrent.ThreadPoolExecutor$Worker.runTask(ThreadPoolExecutor.java:895)
	at java.util.concurrent.ThreadPoolExecutor$Worker.run(ThreadPoolExecutor.java:918)
	at java.lang.Thread.run(Thread.java:680)
2013-11-18 16:16:12,042 [http-bio-8080-exec-6] ERROR StackTrace  - Full Stack Trace:
java.lang.RuntimeException: Submit was: <org.codehaus.groovy.grails.web.servlet.mvc.GrailsParameterMap@34d1346e request=org.apache.catalina.core.ApplicationHttpRequest@68a703f4 nestedDateMap=[:] wrappedMap=[district:Allegan Public Schools, action:edituser, controller:usermanagement]>
	at webportal.UsermanagementController$$EONa2vmC.edituser(UsermanagementController.groovy:87)
	at grails.plugin.cache.web.filter.PageFragmentCachingFilter.doFilter(PageFragmentCachingFilter.java:195)
	at grails.plugin.cache.web.filter.AbstractFilter.doFilter(AbstractFilter.java:63)
	at java.util.concurrent.ThreadPoolExecutor$Worker.runTask(ThreadPoolExecutor.java:895)
	at java.util.concurrent.ThreadPoolExecutor$Worker.run(ThreadPoolExecutor.java:918)
	at java.lang.Thread.run(Thread.java:680)
2013-11-18 16:16:12,043 [http-bio-8080-exec-6] ERROR StackTrace  - Full Stack Trace:
java.lang.RuntimeException: Submit was: <org.codehaus.groovy.grails.web.servlet.mvc.GrailsParameterMap@34d1346e request=org.apache.catalina.core.ApplicationHttpRequest@68a703f4 nestedDateMap=[:] wrappedMap=[district:Allegan Public Schools, action:edituser, controller:usermanagement]>
	at webportal.UsermanagementController$$EONa2vmC.edituser(UsermanagementController.groovy:87)
	at grails.plugin.cache.web.filter.PageFragmentCachingFilter.doFilter(PageFragmentCachingFilter.java:195)
	at grails.plugin.cache.web.filter.AbstractFilter.doFilter(AbstractFilter.java:63)
	at java.util.concurrent.ThreadPoolExecutor$Worker.runTask(ThreadPoolExecutor.java:895)
	at java.util.concurrent.ThreadPoolExecutor$Worker.run(ThreadPoolExecutor.java:918)
	at java.lang.Thread.run(Thread.java:680)
2013-11-18 16:16:57,385 [http-bio-8080-exec-2] ERROR StackTrace  - Full Stack Trace:
java.lang.RuntimeException: Submit was: Allegan Public Schools
	at sun.reflect.NativeConstructorAccessorImpl.newInstance0(Native Method)
	at sun.reflect.NativeConstructorAccessorImpl.newInstance(NativeConstructorAccessorImpl.java:39)
	at sun.reflect.DelegatingConstructorAccessorImpl.newInstance(DelegatingConstructorAccessorImpl.java:27)
	at java.lang.reflect.Constructor.newInstance(Constructor.java:513)
	at org.springsource.loaded.ri.ReflectiveInterceptor.jlrConstructorNewInstance(ReflectiveInterceptor.java:991)
	at org.codehaus.groovy.reflection.CachedConstructor.invoke(CachedConstructor.java:77)
	at org.codehaus.groovy.runtime.callsite.ConstructorSite$ConstructorSiteNoUnwrapNoCoerce.callConstructor(ConstructorSite.java:102)
	at org.codehaus.groovy.runtime.callsite.CallSiteArray.defaultCallConstructor(CallSiteArray.java:57)
	at org.codehaus.groovy.runtime.callsite.AbstractCallSite.callConstructor(AbstractCallSite.java:182)
	at org.codehaus.groovy.runtime.callsite.AbstractCallSite.callConstructor(AbstractCallSite.java:190)
	at webportal.UsermanagementController$$EONa3ALQ.edituser(UsermanagementController.groovy:87)
	at sun.reflect.NativeMethodAccessorImpl.invoke0(Native Method)
	at sun.reflect.NativeMethodAccessorImpl.invoke(NativeMethodAccessorImpl.java:39)
	at sun.reflect.DelegatingMethodAccessorImpl.invoke(DelegatingMethodAccessorImpl.java:25)
	at java.lang.reflect.Method.invoke(Method.java:597)
	at org.springsource.loaded.ri.ReloadedTypeInvoker$2.invoke(ReloadedTypeInvoker.java:122)
	at org.springsource.loaded.ri.ReflectiveInterceptor.jlrMethodInvoke(ReflectiveInterceptor.java:1288)
	at org.codehaus.groovy.grails.web.servlet.mvc.MixedGrailsControllerHelper.invoke(MixedGrailsControllerHelper.java:69)
	at grails.plugin.cache.web.ProxyAwareMixedGrailsControllerHelper.invoke(ProxyAwareMixedGrailsControllerHelper.java)
	at org.codehaus.groovy.grails.web.servlet.mvc.AbstractGrailsControllerHelper.handleAction(AbstractGrailsControllerHelper.java:348)
	at grails.plugin.cache.web.ProxyAwareMixedGrailsControllerHelper.handleAction(ProxyAwareMixedGrailsControllerHelper.java)
	at org.codehaus.groovy.grails.web.servlet.mvc.AbstractGrailsControllerHelper.executeAction(AbstractGrailsControllerHelper.java:231)
	at grails.plugin.cache.web.ProxyAwareMixedGrailsControllerHelper.executeAction(ProxyAwareMixedGrailsControllerHelper.java)
	at org.codehaus.groovy.grails.web.servlet.mvc.AbstractGrailsControllerHelper.handleURI(AbstractGrailsControllerHelper.java:197)
	at grails.plugin.cache.web.ProxyAwareMixedGrailsControllerHelper.handleURI(ProxyAwareMixedGrailsControllerHelper.java)
	at org.codehaus.groovy.grails.web.servlet.mvc.AbstractGrailsControllerHelper.handleURI(AbstractGrailsControllerHelper.java:118)
	at grails.plugin.cache.web.ProxyAwareMixedGrailsControllerHelper.handleURI(ProxyAwareMixedGrailsControllerHelper.java)
	at org.codehaus.groovy.grails.web.servlet.mvc.SimpleGrailsController.handleRequest(SimpleGrailsController.java:72)
	at org.springframework.web.servlet.mvc.SimpleControllerHandlerAdapter.handle(SimpleControllerHandlerAdapter.java:48)
	at org.codehaus.groovy.grails.web.servlet.GrailsDispatcherServlet.doDispatch(GrailsDispatcherServlet.java:328)
	at org.springframework.web.servlet.DispatcherServlet.doService(DispatcherServlet.java:852)
	at org.springframework.web.servlet.FrameworkServlet.processRequest(FrameworkServlet.java:882)
	at org.springframework.web.servlet.FrameworkServlet.doPost(FrameworkServlet.java:789)
	at javax.servlet.http.HttpServlet.service(HttpServlet.java:647)
	at javax.servlet.http.HttpServlet.service(HttpServlet.java:728)
	at org.apache.catalina.core.ApplicationFilterChain.internalDoFilter(ApplicationFilterChain.java:305)
	at org.apache.catalina.core.ApplicationFilterChain.doFilter(ApplicationFilterChain.java:210)
	at grails.plugin.cache.web.filter.PageFragmentCachingFilter.doFilter(PageFragmentCachingFilter.java:195)
	at grails.plugin.cache.web.filter.simple.MemoryPageFragmentCachingFilter.doFilter(MemoryPageFragmentCachingFilter.java)
	at grails.plugin.cache.web.filter.AbstractFilter.doFilter(AbstractFilter.java:63)
	at org.springframework.web.filter.DelegatingFilterProxy.invokeDelegate(DelegatingFilterProxy.java:346)
	at org.springframework.web.filter.DelegatingFilterProxy.doFilter(DelegatingFilterProxy.java:259)
	at org.apache.catalina.core.ApplicationFilterChain.internalDoFilter(ApplicationFilterChain.java:243)
	at org.apache.catalina.core.ApplicationFilterChain.doFilter(ApplicationFilterChain.java:210)
	at org.springframework.web.filter.OncePerRequestFilter.doFilter(OncePerRequestFilter.java:70)
	at org.apache.catalina.core.ApplicationFilterChain.internalDoFilter(ApplicationFilterChain.java:243)
	at org.apache.catalina.core.ApplicationFilterChain.doFilter(ApplicationFilterChain.java:210)
	at org.springframework.web.filter.OncePerRequestFilter.doFilter(OncePerRequestFilter.java:70)
	at org.apache.catalina.core.ApplicationFilterChain.internalDoFilter(ApplicationFilterChain.java:243)
	at org.apache.catalina.core.ApplicationFilterChain.doFilter(ApplicationFilterChain.java:210)
	at org.springframework.web.filter.OncePerRequestFilter.doFilter(OncePerRequestFilter.java:70)
	at org.apache.catalina.core.ApplicationFilterChain.internalDoFilter(ApplicationFilterChain.java:243)
	at org.apache.catalina.core.ApplicationFilterChain.doFilter(ApplicationFilterChain.java:210)
	at org.apache.catalina.core.ApplicationDispatcher.invoke(ApplicationDispatcher.java:749)
	at org.apache.catalina.core.ApplicationDispatcher.processRequest(ApplicationDispatcher.java:487)
	at org.apache.catalina.core.ApplicationDispatcher.doForward(ApplicationDispatcher.java:412)
	at org.apache.catalina.core.ApplicationDispatcher.forward(ApplicationDispatcher.java:339)
	at org.codehaus.groovy.grails.web.util.WebUtils.forwardRequestForUrlMappingInfo(WebUtils.java:314)
	at org.codehaus.groovy.grails.web.util.WebUtils.forwardRequestForUrlMappingInfo(WebUtils.java:279)
	at org.codehaus.groovy.grails.web.util.WebUtils.forwardRequestForUrlMappingInfo(WebUtils.java:270)
	at org.codehaus.groovy.grails.web.mapping.filter.UrlMappingsFilter.doFilterInternal(UrlMappingsFilter.java:222)
	at org.springframework.web.filter.OncePerRequestFilter.doFilter(OncePerRequestFilter.java:76)
	at org.apache.catalina.core.ApplicationFilterChain.internalDoFilter(ApplicationFilterChain.java:243)
	at org.apache.catalina.core.ApplicationFilterChain.doFilter(ApplicationFilterChain.java:210)
	at org.codehaus.groovy.grails.web.sitemesh.GrailsPageFilter.obtainContent(GrailsPageFilter.java:206)
	at org.codehaus.groovy.grails.web.sitemesh.GrailsPageFilter.doFilter(GrailsPageFilter.java:152)
	at org.apache.catalina.core.ApplicationFilterChain.internalDoFilter(ApplicationFilterChain.java:243)
	at org.apache.catalina.core.ApplicationFilterChain.doFilter(ApplicationFilterChain.java:210)
	at javax.servlet.FilterChain$doFilter.call(Unknown Source)
	at org.grails.plugin.resource.DevModeSanityFilter.doFilter(DevModeSanityFilter.groovy:44)
	at org.apache.catalina.core.ApplicationFilterChain.internalDoFilter(ApplicationFilterChain.java:243)
	at org.apache.catalina.core.ApplicationFilterChain.doFilter(ApplicationFilterChain.java:210)
	at org.codehaus.groovy.grails.web.servlet.mvc.GrailsWebRequestFilter.doFilterInternal(GrailsWebRequestFilter.java:69)
	at org.springframework.web.filter.OncePerRequestFilter.doFilter(OncePerRequestFilter.java:76)
	at org.apache.catalina.core.ApplicationFilterChain.internalDoFilter(ApplicationFilterChain.java:243)
	at org.apache.catalina.core.ApplicationFilterChain.doFilter(ApplicationFilterChain.java:210)
	at org.codehaus.groovy.grails.web.filters.HiddenHttpMethodFilter.doFilterInternal(HiddenHttpMethodFilter.java:66)
	at org.springframework.web.filter.OncePerRequestFilter.doFilter(OncePerRequestFilter.java:76)
	at org.apache.catalina.core.ApplicationFilterChain.internalDoFilter(ApplicationFilterChain.java:243)
	at org.apache.catalina.core.ApplicationFilterChain.doFilter(ApplicationFilterChain.java:210)
	at org.springframework.web.filter.CharacterEncodingFilter.doFilterInternal(CharacterEncodingFilter.java:88)
	at org.springframework.web.filter.OncePerRequestFilter.doFilter(OncePerRequestFilter.java:76)
	at org.springframework.web.filter.DelegatingFilterProxy.invokeDelegate(DelegatingFilterProxy.java:346)
	at org.springframework.web.filter.DelegatingFilterProxy.doFilter(DelegatingFilterProxy.java:259)
	at org.apache.catalina.core.ApplicationFilterChain.internalDoFilter(ApplicationFilterChain.java:243)
	at org.apache.catalina.core.ApplicationFilterChain.doFilter(ApplicationFilterChain.java:210)
	at org.apache.catalina.core.StandardWrapperValve.invoke(StandardWrapperValve.java:222)
	at org.apache.catalina.core.StandardContextValve.invoke(StandardContextValve.java:123)
	at org.apache.catalina.core.StandardHostValve.invoke(StandardHostValve.java:171)
	at org.apache.catalina.valves.ErrorReportValve.invoke(ErrorReportValve.java:99)
	at org.apache.catalina.core.StandardEngineValve.invoke(StandardEngineValve.java:118)
	at org.apache.catalina.connector.CoyoteAdapter.service(CoyoteAdapter.java:408)
	at org.apache.coyote.http11.AbstractHttp11Processor.process(AbstractHttp11Processor.java:1023)
	at org.apache.coyote.AbstractProtocol$AbstractConnectionHandler.process(AbstractProtocol.java:589)
	at org.apache.tomcat.util.net.JIoEndpoint$SocketProcessor.run(JIoEndpoint.java:312)
	at java.util.concurrent.ThreadPoolExecutor$Worker.runTask(ThreadPoolExecutor.java:895)
	at java.util.concurrent.ThreadPoolExecutor$Worker.run(ThreadPoolExecutor.java:918)
	at java.lang.Thread.run(Thread.java:680)
2013-11-18 16:16:57,386 [http-bio-8080-exec-2] ERROR StackTrace  - Full Stack Trace:
java.lang.RuntimeException: Submit was: Allegan Public Schools
	at webportal.UsermanagementController$$EONa3ALQ.edituser(UsermanagementController.groovy:87)
	at grails.plugin.cache.web.filter.PageFragmentCachingFilter.doFilter(PageFragmentCachingFilter.java:195)
	at grails.plugin.cache.web.filter.AbstractFilter.doFilter(AbstractFilter.java:63)
	at java.util.concurrent.ThreadPoolExecutor$Worker.runTask(ThreadPoolExecutor.java:895)
	at java.util.concurrent.ThreadPoolExecutor$Worker.run(ThreadPoolExecutor.java:918)
	at java.lang.Thread.run(Thread.java:680)
2013-11-18 16:16:57,390 [http-bio-8080-exec-2] ERROR StackTrace  - Full Stack Trace:
java.lang.RuntimeException: Submit was: Allegan Public Schools
	at webportal.UsermanagementController$$EONa3ALQ.edituser(UsermanagementController.groovy:87)
	at grails.plugin.cache.web.filter.PageFragmentCachingFilter.doFilter(PageFragmentCachingFilter.java:195)
	at grails.plugin.cache.web.filter.AbstractFilter.doFilter(AbstractFilter.java:63)
	at java.util.concurrent.ThreadPoolExecutor$Worker.runTask(ThreadPoolExecutor.java:895)
	at java.util.concurrent.ThreadPoolExecutor$Worker.run(ThreadPoolExecutor.java:918)
	at java.lang.Thread.run(Thread.java:680)
2013-11-18 16:16:57,391 [http-bio-8080-exec-2] ERROR StackTrace  - Full Stack Trace:
java.lang.RuntimeException: Submit was: Allegan Public Schools
	at webportal.UsermanagementController$$EONa3ALQ.edituser(UsermanagementController.groovy:87)
	at grails.plugin.cache.web.filter.PageFragmentCachingFilter.doFilter(PageFragmentCachingFilter.java:195)
	at grails.plugin.cache.web.filter.AbstractFilter.doFilter(AbstractFilter.java:63)
	at java.util.concurrent.ThreadPoolExecutor$Worker.runTask(ThreadPoolExecutor.java:895)
	at java.util.concurrent.ThreadPoolExecutor$Worker.run(ThreadPoolExecutor.java:918)
	at java.lang.Thread.run(Thread.java:680)
2013-11-18 16:16:57,391 [http-bio-8080-exec-2] ERROR StackTrace  - Full Stack Trace:
java.lang.RuntimeException: Submit was: Allegan Public Schools
	at webportal.UsermanagementController$$EONa3ALQ.edituser(UsermanagementController.groovy:87)
	at grails.plugin.cache.web.filter.PageFragmentCachingFilter.doFilter(PageFragmentCachingFilter.java:195)
	at grails.plugin.cache.web.filter.AbstractFilter.doFilter(AbstractFilter.java:63)
	at java.util.concurrent.ThreadPoolExecutor$Worker.runTask(ThreadPoolExecutor.java:895)
	at java.util.concurrent.ThreadPoolExecutor$Worker.run(ThreadPoolExecutor.java:918)
	at java.lang.Thread.run(Thread.java:680)
2013-11-18 16:16:57,391 [http-bio-8080-exec-2] ERROR StackTrace  - Full Stack Trace:
java.lang.RuntimeException: Submit was: Allegan Public Schools
	at webportal.UsermanagementController$$EONa3ALQ.edituser(UsermanagementController.groovy:87)
	at grails.plugin.cache.web.filter.PageFragmentCachingFilter.doFilter(PageFragmentCachingFilter.java:195)
	at grails.plugin.cache.web.filter.AbstractFilter.doFilter(AbstractFilter.java:63)
	at java.util.concurrent.ThreadPoolExecutor$Worker.runTask(ThreadPoolExecutor.java:895)
	at java.util.concurrent.ThreadPoolExecutor$Worker.run(ThreadPoolExecutor.java:918)
	at java.lang.Thread.run(Thread.java:680)
